{
  "stats": {
    "suites": 6,
    "tests": 5,
    "passes": 4,
    "pending": 0,
    "failures": 1,
    "start": "2025-09-28T21:36:23.342Z",
    "end": "2025-09-28T21:36:23.591Z",
    "duration": 249,
    "testsRegistered": 5,
    "passPercent": 80,
    "pendingPercent": 0,
    "other": 0,
    "hasOther": false,
    "skipped": 0,
    "hasSkipped": false
  },
  "results": [
    {
      "uuid": "d1059801-c950-43f2-a6d7-a6708a3c9853",
      "title": "",
      "fullFile": "",
      "file": "",
      "beforeHooks": [],
      "afterHooks": [],
      "tests": [],
      "suites": [
        {
          "uuid": "590279d8-ab7a-48be-84df-e0647ab28067",
          "title": "Login",
          "fullFile": "C:\\Users\\origi\\Documents\\Mentoria_QA\\projetos\\banco-api-tests\\test\\login.test.js",
          "file": "\\test\\login.test.js",
          "beforeHooks": [],
          "afterHooks": [],
          "tests": [],
          "suites": [
            {
              "uuid": "f98df131-0eda-41b4-b8cf-b350f08ea71b",
              "title": "POST/ Login",
              "fullFile": "C:\\Users\\origi\\Documents\\Mentoria_QA\\projetos\\banco-api-tests\\test\\login.test.js",
              "file": "\\test\\login.test.js",
              "beforeHooks": [],
              "afterHooks": [],
              "tests": [
                {
                  "title": "Deve retornar 200 com um token em string quando credenciais válidas ",
                  "fullTitle": "Login POST/ Login Deve retornar 200 com um token em string quando credenciais válidas ",
                  "timedOut": false,
                  "duration": 41,
                  "state": "passed",
                  "speed": "medium",
                  "pass": true,
                  "fail": false,
                  "pending": false,
                  "context": null,
                  "code": "//console.log(process.env.BASE_URL)\n const resposta = await request (process.env.BASE_URL)\n     .post('/Login')\n     .set('Content-Type', 'application/json')\n     .send(bodyLogin);\n //console.log(resposta.status) \n //console.log(resposta.body)       \n expect(resposta.status).to.equal(200);\n expect(resposta.body.token).to.be.a('string');",
                  "err": {},
                  "uuid": "4367c6c0-1a7d-456b-a9d5-e2021d328643",
                  "parentUUID": "f98df131-0eda-41b4-b8cf-b350f08ea71b",
                  "isHook": false,
                  "skipped": false
                }
              ],
              "suites": [],
              "passes": [
                "4367c6c0-1a7d-456b-a9d5-e2021d328643"
              ],
              "failures": [],
              "pending": [],
              "skipped": [],
              "duration": 41,
              "root": false,
              "rootEmpty": false,
              "_timeout": 200000
            }
          ],
          "passes": [],
          "failures": [],
          "pending": [],
          "skipped": [],
          "duration": 0,
          "root": false,
          "rootEmpty": false,
          "_timeout": 200000
        },
        {
          "uuid": "bbd81bd9-41ee-4427-a183-8253fe7287fe",
          "title": "Transferências",
          "fullFile": "C:\\Users\\origi\\Documents\\Mentoria_QA\\projetos\\banco-api-tests\\test\\transferencia.test.js",
          "file": "\\test\\transferencia.test.js",
          "beforeHooks": [
            {
              "title": "\"before each\" hook in \"Transferências\"",
              "fullTitle": "Transferências \"before each\" hook in \"Transferências\"",
              "timedOut": false,
              "duration": 8,
              "state": null,
              "speed": null,
              "pass": false,
              "fail": false,
              "pending": false,
              "context": null,
              "code": "token =  await obterToken ('julio.lima', '123456')",
              "err": {},
              "uuid": "860eb560-0850-46f2-aa8b-309757e8a223",
              "parentUUID": "bbd81bd9-41ee-4427-a183-8253fe7287fe",
              "isHook": true,
              "skipped": false
            }
          ],
          "afterHooks": [],
          "tests": [],
          "suites": [
            {
              "uuid": "c5e0428c-062c-4624-9d9c-454f22c2e6c7",
              "title": "POST/ transferencias",
              "fullFile": "C:\\Users\\origi\\Documents\\Mentoria_QA\\projetos\\banco-api-tests\\test\\transferencia.test.js",
              "file": "\\test\\transferencia.test.js",
              "beforeHooks": [
                {
                  "title": "\"before each\" hook in \"POST/ transferencias\"",
                  "fullTitle": "Transferências POST/ transferencias \"before each\" hook in \"POST/ transferencias\"",
                  "timedOut": false,
                  "duration": 5,
                  "state": null,
                  "speed": null,
                  "pass": false,
                  "fail": false,
                  "pending": false,
                  "context": null,
                  "code": "token =  await obterToken ('julio.lima', '123456')",
                  "err": {},
                  "uuid": "4e90ee42-d1ad-45f0-952e-cc4f2a73905d",
                  "parentUUID": "c5e0428c-062c-4624-9d9c-454f22c2e6c7",
                  "isHook": true,
                  "skipped": false
                },
                {
                  "title": "\"before each\" hook in \"POST/ transferencias\"",
                  "fullTitle": "Transferências POST/ transferencias \"before each\" hook in \"POST/ transferencias\"",
                  "timedOut": false,
                  "duration": 5,
                  "state": null,
                  "speed": null,
                  "pass": false,
                  "fail": false,
                  "pending": false,
                  "context": null,
                  "code": "token =  await obterToken ('julio.lima', '123456')",
                  "err": {},
                  "uuid": "a6803bc4-da9f-419d-aac2-9a8475facdee",
                  "parentUUID": "c5e0428c-062c-4624-9d9c-454f22c2e6c7",
                  "isHook": true,
                  "skipped": false
                }
              ],
              "afterHooks": [],
              "tests": [
                {
                  "title": "Deve retornar sucesso com 201 quando o valor da transferência for igual ou acima de R$ 10,00.",
                  "fullTitle": "Transferências POST/ transferencias Deve retornar sucesso com 201 quando o valor da transferência for igual ou acima de R$ 10,00.",
                  "timedOut": false,
                  "duration": 94,
                  "state": "passed",
                  "speed": "slow",
                  "pass": true,
                  "fail": false,
                  "pending": false,
                  "context": null,
                  "code": "const bodyTransferencias = { ...postTransferencias } \n\n            const resposta = await request (process.env.BASE_URL)               \n                .post('/transferencias')\n                .set('Content-Type', 'application/json')\n                .set('Authorization', `Bearer ${token}`) \n                .send (bodyTransferencias)\n                \n                expect(resposta.status).to.equal(201);\n            \n            console.log(resposta.body)",
                  "err": {},
                  "uuid": "953ad7d6-2a38-4f4e-9cf0-3615318bea33",
                  "parentUUID": "c5e0428c-062c-4624-9d9c-454f22c2e6c7",
                  "isHook": false,
                  "skipped": false
                },
                {
                  "title": "Deve retornar falha com 422 quando o valor da transferência for abaixo de R$ 10,00.",
                  "fullTitle": "Transferências POST/ transferencias Deve retornar falha com 422 quando o valor da transferência for abaixo de R$ 10,00.",
                  "timedOut": false,
                  "duration": 16,
                  "state": "passed",
                  "speed": "fast",
                  "pass": true,
                  "fail": false,
                  "pending": false,
                  "context": null,
                  "code": "const bodyTransferencias = {...postTransferencias} \nbodyTransferencias.valor = 7\nconst resposta = await request (process.env.BASE_URL)               \n    .post('/transferencias')\n    .set('Content-Type', 'application/json')\n    .set('Authorization', `Bearer ${token}`) \n    .send (bodyTransferencias)\n    expect(resposta.status).to.equal(422);",
                  "err": {},
                  "uuid": "05ace4b5-d7d5-438e-a555-c6287c99b6cc",
                  "parentUUID": "c5e0428c-062c-4624-9d9c-454f22c2e6c7",
                  "isHook": false,
                  "skipped": false
                }
              ],
              "suites": [],
              "passes": [
                "953ad7d6-2a38-4f4e-9cf0-3615318bea33",
                "05ace4b5-d7d5-438e-a555-c6287c99b6cc"
              ],
              "failures": [],
              "pending": [],
              "skipped": [],
              "duration": 110,
              "root": false,
              "rootEmpty": false,
              "_timeout": 200000
            },
            {
              "uuid": "ed5a2359-4d91-4e90-b317-1b0e4aa54c18",
              "title": "GET/ transferencias/{id}",
              "fullFile": "C:\\Users\\origi\\Documents\\Mentoria_QA\\projetos\\banco-api-tests\\test\\transferencia.test.js",
              "file": "\\test\\transferencia.test.js",
              "beforeHooks": [],
              "afterHooks": [],
              "tests": [
                {
                  "title": "Deve retornar sucesso com 200 e dados iguais ao registro de transferência contido no bando de dados quando o id for valido ",
                  "fullTitle": "Transferências GET/ transferencias/{id} Deve retornar sucesso com 200 e dados iguais ao registro de transferência contido no bando de dados quando o id for valido ",
                  "timedOut": false,
                  "duration": 8,
                  "state": "failed",
                  "speed": null,
                  "pass": false,
                  "fail": true,
                  "pending": false,
                  "context": null,
                  "code": "const resposta = await request (process.env.BASE_URL) \n    .get('/transferencias/27')\n    .set ('Authorization', `Bearer ${token}`)\n//console.log(resposta.status)\n//console.log(resposta.body)\nexpect(resposta.status).to.equal(200)\nexpect(resposta.body.id).to.equal(27)\nexpect(resposta.body.id).to.be.a('number')\nexpect(resposta.body.conta_origem_id).to.equal(1)\nexpect(resposta.body.conta_destino_id).to.equal(2)\nexpect(resposta.body.valor).to.equal(11.00)  \nexpect(resposta.body.data_hora).to.equal('2025-09-28T15:47:23.000Z') \nexpect(resposta.body.autenticada).to.equal(0)",
                  "err": {
                    "message": "AssertionError: expected '11.00' to equal 11",
                    "estack": "AssertionError: expected '11.00' to equal 11\n    at Context.<anonymous> (test\\transferencia.test.js:65:44)\n    at process.processTicksAndRejections (node:internal/process/task_queues:105:5)",
                    "diff": null
                  },
                  "uuid": "6c0624ca-548a-41e1-aaac-93bb46a1b7ff",
                  "parentUUID": "ed5a2359-4d91-4e90-b317-1b0e4aa54c18",
                  "isHook": false,
                  "skipped": false
                }
              ],
              "suites": [],
              "passes": [],
              "failures": [
                "6c0624ca-548a-41e1-aaac-93bb46a1b7ff"
              ],
              "pending": [],
              "skipped": [],
              "duration": 8,
              "root": false,
              "rootEmpty": false,
              "_timeout": 200000
            },
            {
              "uuid": "f188cc01-ac1d-4d3d-b0b2-d023b2297664",
              "title": "GET/transferencias",
              "fullFile": "C:\\Users\\origi\\Documents\\Mentoria_QA\\projetos\\banco-api-tests\\test\\transferencia.test.js",
              "file": "\\test\\transferencia.test.js",
              "beforeHooks": [],
              "afterHooks": [],
              "tests": [
                {
                  "title": "Deve retornar 10 elementos na paginação quando informar limite de 10 registros",
                  "fullTitle": "Transferências GET/transferencias Deve retornar 10 elementos na paginação quando informar limite de 10 registros",
                  "timedOut": false,
                  "duration": 10,
                  "state": "passed",
                  "speed": "fast",
                  "pass": true,
                  "fail": false,
                  "pending": false,
                  "context": null,
                  "code": "const respota = await request (process.env.BASE_URL)\n.get('/transferencias?page=1&limit=10')\n.set('Authorization', `Bearer ${token}`)\n\n        //console.log(respota.body)\n        expect(respota.status).to.equal(200)\n        expect(respota.body.limit).to.equal(10)\n        expect(respota.body.transferencias).to.have.lengthOf(10)",
                  "err": {},
                  "uuid": "6f30a195-b80e-4e3f-9b3f-bb55b2742439",
                  "parentUUID": "f188cc01-ac1d-4d3d-b0b2-d023b2297664",
                  "isHook": false,
                  "skipped": false
                }
              ],
              "suites": [],
              "passes": [
                "6f30a195-b80e-4e3f-9b3f-bb55b2742439"
              ],
              "failures": [],
              "pending": [],
              "skipped": [],
              "duration": 10,
              "root": false,
              "rootEmpty": false,
              "_timeout": 200000
            }
          ],
          "passes": [],
          "failures": [],
          "pending": [],
          "skipped": [],
          "duration": 0,
          "root": false,
          "rootEmpty": false,
          "_timeout": 200000
        }
      ],
      "passes": [],
      "failures": [],
      "pending": [],
      "skipped": [],
      "duration": 0,
      "root": true,
      "rootEmpty": true,
      "_timeout": 200000
    }
  ],
  "meta": {
    "mocha": {
      "version": "11.7.2"
    },
    "mochawesome": {
      "options": {
        "quiet": false,
        "reportFilename": "mochawesome",
        "saveHtml": true,
        "saveJson": true,
        "consoleReporter": "spec",
        "useInlineDiffs": false,
        "code": true
      },
      "version": "7.1.4"
    },
    "marge": {
      "options": null,
      "version": "6.3.0"
    }
  }
}